1623056247113	geckodriver	INFO	Listening on 127.0.0.1:56681
1623056248118	mozrunner::runner	INFO	Running command: "/Applications/Firefox.app/Contents/MacOS/firefox-bin" "--marionette" "-foreground" "-no-remote" "-profile" "/var/folders/wn/3g_61cpx3cv27v3h4pjsn0gm0000gn/T/rust_mozprofileV9V9dc"
1623056249088	Marionette	INFO	Marionette enabled
console.warn: SearchSettings: "get: No settings file exists, new profile?" (new Error("", "(unknown module)"))
1623056251761	Marionette	INFO	Listening on port 56688
1623056251807	Marionette	WARN	TLS certificate errors will be ignored for this session
1623056313981	geckodriver	INFO	Listening on 127.0.0.1:56853
1623056313990	mozrunner::runner	INFO	Running command: "/Applications/Firefox.app/Contents/MacOS/firefox-bin" "--marionette" "-foreground" "-no-remote" "-profile" "/var/folders/wn/3g_61cpx3cv27v3h4pjsn0gm0000gn/T/rust_mozprofilemAxQZs"
1623056314444	Marionette	INFO	Marionette enabled
console.warn: SearchSettings: "get: No settings file exists, new profile?" (new Error("", "(unknown module)"))
1623056317048	Marionette	INFO	Listening on port 56858
1623056317154	Marionette	WARN	TLS certificate errors will be ignored for this session
1623056452317	Marionette	INFO	Stopped listening on port 56858

###!!! [Parent][RunMessage] Error: Channel closing: too late to send/recv, messages will be lost

1623056455800	Marionette	INFO	Stopped listening on port 56688

###!!! [Parent][RunMessage] Error: Channel closing: too late to send/recv, messages will be lost

1623319932044	geckodriver	INFO	Listening on 127.0.0.1:53347
1623319933070	mozrunner::runner	INFO	Running command: "/Applications/Firefox.app/Contents/MacOS/firefox-bin" "--marionette" "-foreground" "-no-remote" "-profile" "/var/folders/wn/3g_61cpx3cv27v3h4pjsn0gm0000gn/T/rust_mozprofilexMcCss"
1623319935682	Marionette	INFO	Marionette enabled
console.warn: SearchSettings: "get: No settings file exists, new profile?" (new Error("", "(unknown module)"))
1623319946821	Marionette	INFO	Listening on port 53359
1623319946917	Marionette	WARN	TLS certificate errors will be ignored for this session

###!!! [Child][RunMessage] Error: Channel closing: too late to send/recv, messages will be lost


###!!! [Child][RunMessage] Error: Channel closing: too late to send/recv, messages will be lost


###!!! [Child][RunMessage] Error: Channel closing: too late to send/recv, messages will be lost


###!!! [Child][RunMessage] Error: Channel closing: too late to send/recv, messages will be lost


###!!! [Child][RunMessage] Error: Channel closing: too late to send/recv, messages will be lost


###!!! [Child][RunMessage] Error: Channel closing: too late to send/recv, messages will be lost


###!!! [Child][RunMessage] Error: Channel closing: too late to send/recv, messages will be lost


###!!! [Child][RunMessage] Error: Channel closing: too late to send/recv, messages will be lost


###!!! [Child][RunMessage] Error: Channel closing: too late to send/recv, messages will be lost


###!!! [Child][RunMessage] Error: Channel closing: too late to send/recv, messages will be lost


###!!! [Child][RunMessage] Error: Channel closing: too late to send/recv, messages will be lost


###!!! [Child][RunMessage] Error: Channel closing: too late to send/recv, messages will be lost


###!!! [Child][RunMessage] Error: Channel closing: too late to send/recv, messages will be lost


###!!! [Child][RunMessage] Error: Channel closing: too late to send/recv, messages will be lost


###!!! [Child][RunMessage] Error: Channel closing: too late to send/recv, messages will be lost


###!!! [Child][RunMessage] Error: Channel closing: too late to send/recv, messages will be lost


###!!! [Child][RunMessage] Error: Channel closing: too late to send/recv, messages will be lost


###!!! [Child][RunMessage] Error: Channel closing: too late to send/recv, messages will be lost


###!!! [Child][RunMessage] Error: Channel closing: too late to send/recv, messages will be lost


###!!! [Child][RunMessage] Error: Channel closing: too late to send/recv, messages will be lost


###!!! [Child][RunMessage] Error: Channel closing: too late to send/recv, messages will be lost


###!!! [Child][RunMessage] Error: Channel closing: too late to send/recv, messages will be lost


###!!! [Child][RunMessage] Error: Channel closing: too late to send/recv, messages will be lost


###!!! [Child][RunMessage] Error: Channel closing: too late to send/recv, messages will be lost


###!!! [Child][RunMessage] Error: Channel closing: too late to send/recv, messages will be lost


###!!! [Child][RunMessage] Error: Channel closing: too late to send/recv, messages will be lost


###!!! [Child][RunMessage] Error: Channel closing: too late to send/recv, messages will be lost

JavaScript error: resource://gre/modules/Sqlite.jsm, line 1030: Error: Sqlite.jsm has been shutdown. Cannot open connection to: /var/folders/wn/3g_61cpx3cv27v3h4pjsn0gm0000gn/T/rust_mozprofilexMcCss/protections.sqlite

###!!! [Child][RunMessage] Error: Channel closing: too late to send/recv, messages will be lost


###!!! [Child][RunMessage] Error: Channel closing: too late to send/recv, messages will be lost


###!!! [Child][RunMessage] Error: Channel closing: too late to send/recv, messages will be lost


###!!! [Child][RunMessage] Error: Channel closing: too late to send/recv, messages will be lost


###!!! [Child][RunMessage] Error: Channel closing: too late to send/recv, messages will be lost


###!!! [Child][RunMessage] Error: Channel closing: too late to send/recv, messages will be lost


###!!! [Child][RunMessage] Error: Channel closing: too late to send/recv, messages will be lost


###!!! [Child][RunMessage] Error: Channel closing: too late to send/recv, messages will be lost


###!!! [Child][RunMessage] Error: Channel closing: too late to send/recv, messages will be lost


###!!! [Child][MessageChannel] Error: (msgtype=0x230032,name=PBrowser::Msg___delete__) Channel closing: too late to send/recv, messages will be lost


###!!! [Child][RunMessage] Error: Channel closing: too late to send/recv, messages will be lost

1623319962578	Marionette	INFO	Stopped listening on port 53359
1625230928600	geckodriver	INFO	Listening on 127.0.0.1:57469
1625230929607	mozrunner::runner	INFO	Running command: "/Applications/Firefox.app/Contents/MacOS/firefox-bin" "--marionette" "-foreground" "-no-remote" "-profile" "/var/folders/wn/3g_61cpx3cv27v3h4pjsn0gm0000gn/T/rust_mozprofileO16RHW"
1625230930126	Marionette	INFO	Marionette enabled
console.warn: SearchSettings: "get: No settings file exists, new profile?" (new NotFoundError("Could not open the file at /var/folders/wn/3g_61cpx3cv27v3h4pjsn0gm0000gn/T/rust_mozprofileO16RHW/search.json.mozlz4", (void 0)))
1625230931952	Marionette	INFO	Listening on port 57477
1625230932015	Marionette	WARN	TLS certificate errors will be ignored for this session
console.log: WebExtensions: reset-default-search: starting.
console.log: WebExtensions: reset-default-search: No addons in our list are installed.
1625231597897	Marionette	INFO	Stopped listening on port 57477

###!!! [Parent][RunMessage] Error: Channel closing: too late to send/recv, messages will be lost

1625242050115	geckodriver	INFO	Listening on 127.0.0.1:57814
1625242051130	mozrunner::runner	INFO	Running command: "/Applications/Firefox.app/Contents/MacOS/firefox-bin" "--marionette" "-foreground" "-no-remote" "-profile" "/var/folders/wn/3g_61cpx3cv27v3h4pjsn0gm0000gn/T/rust_mozprofilecrpr7Z"
1625242051553	Marionette	INFO	Marionette enabled
console.warn: SearchSettings: "get: No settings file exists, new profile?" (new NotFoundError("Could not open the file at /var/folders/wn/3g_61cpx3cv27v3h4pjsn0gm0000gn/T/rust_mozprofilecrpr7Z/search.json.mozlz4", (void 0)))
1625242053096	Marionette	INFO	Listening on port 57824
1625242053201	Marionette	WARN	TLS certificate errors will be ignored for this session
JavaScript error: resource://gre/actors/PictureInPictureChild.jsm, line 974: TypeError: toggle is null
1625242399678	geckodriver	INFO	Listening on 127.0.0.1:59853
1625242400687	mozrunner::runner	INFO	Running command: "/Applications/Firefox.app/Contents/MacOS/firefox-bin" "--marionette" "-foreground" "-no-remote" "-profile" "/var/folders/wn/3g_61cpx3cv27v3h4pjsn0gm0000gn/T/rust_mozprofile9himsM"
1625242401127	Marionette	INFO	Marionette enabled
console.warn: SearchSettings: "get: No settings file exists, new profile?" (new NotFoundError("Could not open the file at /var/folders/wn/3g_61cpx3cv27v3h4pjsn0gm0000gn/T/rust_mozprofile9himsM/search.json.mozlz4", (void 0)))
1625242402941	Marionette	INFO	Listening on port 59861
1625242402977	Marionette	WARN	TLS certificate errors will be ignored for this session
console.log: WebExtensions: reset-default-search: starting.
console.log: WebExtensions: reset-default-search: No addons in our list are installed.
1625258976938	addons.xpi	ERROR	System addon update list error Error: Failed downloading XML, status: 0, reason: error
JavaScript error: resource://gre/modules/AsyncShutdown.jsm, line 718: Error: Phase "Sqlite.jsm: wait until all connections are closed" is finished, it is too late to register completion condition "protections.sqlite#0: waiting for shutdown"
1625310524595	Marionette	INFO	Stopped listening on port 57824

###!!! [Parent][RunMessage] Error: Channel closing: too late to send/recv, messages will be lost

1625310538482	Marionette	INFO	Stopped listening on port 59861
1625659144330	geckodriver	INFO	Listening on 127.0.0.1:65121
1625659145338	mozrunner::runner	INFO	Running command: "/Applications/Firefox.app/Contents/MacOS/firefox-bin" "--marionette" "--headless" "-foreground" "-no-remote" "-profile" "/var/folders/wn/3g_61cpx3cv27v3h4pjsn0gm0000gn/T/rust_mozprofiletUK6hG"
*** You are running in headless mode.
1625659146006	Marionette	INFO	Marionette enabled
console.warn: SearchSettings: "get: No settings file exists, new profile?" (new NotFoundError("Could not open the file at /var/folders/wn/3g_61cpx3cv27v3h4pjsn0gm0000gn/T/rust_mozprofiletUK6hG/search.json.mozlz4", (void 0)))
1625659147558	Marionette	INFO	Listening on port 65133
1625659147629	Marionette	WARN	TLS certificate errors will be ignored for this session
JavaScript warning: https://static.xx.fbcdn.net/rsrc.php/v3ivNM4/yv/l/zh_TW/kcHqTtwfUEG.js?_nc_x=Ij3Wp8lg5Kz, line 23: Failed to create WebGL context: WebGL creation failed: 
* Can't use WebGL in headless mode (https://bugzil.la/1375585). ()
JavaScript warning: https://static.xx.fbcdn.net/rsrc.php/v3ivNM4/yv/l/zh_TW/kcHqTtwfUEG.js?_nc_x=Ij3Wp8lg5Kz, line 23: Failed to create WebGL context: WebGL creation failed: 
* Can't use WebGL in headless mode (https://bugzil.la/1375585). ()
